{"/Users/devinkulatunga/Documents/GitHub/COSC4353_Group57_Project/backend/models/clientInformation.model.js": {"path":"/Users/devinkulatunga/Documents/GitHub/COSC4353_Group57_Project/backend/models/clientInformation.model.js","statementMap":{"0":{"start":{"line":1,"column":17},"end":{"line":1,"column":36}},"1":{"start":{"line":3,"column":15},"end":{"line":3,"column":30}},"2":{"start":{"line":5,"column":19},"end":{"line":51,"column":2}},"3":{"start":{"line":53,"column":26},"end":{"line":53,"column":67}},"4":{"start":{"line":55,"column":0},"end":{"line":55,"column":36}}},"fnMap":{},"branchMap":{},"s":{"0":3,"1":3,"2":3,"3":3,"4":3},"f":{},"b":{},"_coverageSchema":"1a1c01bbd47fc00a2c39e90264f33305004495a9","hash":"ee78ecc2c17babba92173d5b0c01cd31a80c9cae"}
,"/Users/devinkulatunga/Documents/GitHub/COSC4353_Group57_Project/backend/models/fuelQuote.model.js": {"path":"/Users/devinkulatunga/Documents/GitHub/COSC4353_Group57_Project/backend/models/fuelQuote.model.js","statementMap":{"0":{"start":{"line":1,"column":17},"end":{"line":1,"column":36}},"1":{"start":{"line":3,"column":15},"end":{"line":3,"column":30}},"2":{"start":{"line":6,"column":18},"end":{"line":43,"column":2}},"3":{"start":{"line":45,"column":21},"end":{"line":45,"column":61}},"4":{"start":{"line":47,"column":0},"end":{"line":47,"column":31}}},"fnMap":{},"branchMap":{},"s":{"0":3,"1":3,"2":3,"3":3,"4":3},"f":{},"b":{},"_coverageSchema":"1a1c01bbd47fc00a2c39e90264f33305004495a9","hash":"5e80e87d71cccf9f8f2c635738008dc00d0193c2"}
,"/Users/devinkulatunga/Documents/GitHub/COSC4353_Group57_Project/backend/models/userCredentials.model.js": {"path":"/Users/devinkulatunga/Documents/GitHub/COSC4353_Group57_Project/backend/models/userCredentials.model.js","statementMap":{"0":{"start":{"line":1,"column":17},"end":{"line":1,"column":36}},"1":{"start":{"line":3,"column":30},"end":{"line":3,"column":64}},"2":{"start":{"line":5,"column":15},"end":{"line":5,"column":30}},"3":{"start":{"line":7,"column":13},"end":{"line":22,"column":2}},"4":{"start":{"line":24,"column":0},"end":{"line":24,"column":34}},"5":{"start":{"line":25,"column":24},"end":{"line":25,"column":64}},"6":{"start":{"line":27,"column":0},"end":{"line":27,"column":33}}},"fnMap":{},"branchMap":{},"s":{"0":1,"1":1,"2":1,"3":1,"4":1,"5":1,"6":1},"f":{},"b":{},"_coverageSchema":"1a1c01bbd47fc00a2c39e90264f33305004495a9","hash":"f28733b809cb14297982defd6611668ddf5dee45"}
,"/Users/devinkulatunga/Documents/GitHub/COSC4353_Group57_Project/backend/routes/fuelQuote.js": {"path":"/Users/devinkulatunga/Documents/GitHub/COSC4353_Group57_Project/backend/routes/fuelQuote.js","statementMap":{"0":{"start":{"line":1,"column":16},"end":{"line":1,"column":34}},"1":{"start":{"line":3,"column":13},"end":{"line":3,"column":29}},"2":{"start":{"line":5,"column":16},"end":{"line":5,"column":52}},"3":{"start":{"line":6,"column":19},"end":{"line":6,"column":63}},"4":{"start":{"line":10,"column":0},"end":{"line":28,"column":3}},"5":{"start":{"line":11,"column":4},"end":{"line":27,"column":5}},"6":{"start":{"line":12,"column":25},"end":{"line":12,"column":37}},"7":{"start":{"line":13,"column":26},"end":{"line":13,"column":80}},"8":{"start":{"line":14,"column":27},"end":{"line":14,"column":38}},"9":{"start":{"line":15,"column":23},"end":{"line":15,"column":80}},"10":{"start":{"line":17,"column":8},"end":{"line":24,"column":62}},"11":{"start":{"line":26,"column":8},"end":{"line":26,"column":25}},"12":{"start":{"line":30,"column":0},"end":{"line":50,"column":3}},"13":{"start":{"line":31,"column":4},"end":{"line":47,"column":5}},"14":{"start":{"line":32,"column":25},"end":{"line":32,"column":37}},"15":{"start":{"line":33,"column":19},"end":{"line":33,"column":27}},"16":{"start":{"line":34,"column":31},"end":{"line":34,"column":52}},"17":{"start":{"line":35,"column":27},"end":{"line":35,"column":44}},"18":{"start":{"line":36,"column":29},"end":{"line":36,"column":48}},"19":{"start":{"line":37,"column":25},"end":{"line":37,"column":40}},"20":{"start":{"line":38,"column":26},"end":{"line":44,"column":10}},"21":{"start":{"line":45,"column":8},"end":{"line":45,"column":25}},"22":{"start":{"line":46,"column":8},"end":{"line":46,"column":30}},"23":{"start":{"line":56,"column":0},"end":{"line":79,"column":3}},"24":{"start":{"line":57,"column":2},"end":{"line":78,"column":3}},"25":{"start":{"line":58,"column":21},"end":{"line":58,"column":33}},"26":{"start":{"line":59,"column":4},"end":{"line":75,"column":7}},"27":{"start":{"line":61,"column":25},"end":{"line":61,"column":40}},"28":{"start":{"line":62,"column":25},"end":{"line":62,"column":40}},"29":{"start":{"line":63,"column":21},"end":{"line":63,"column":32}},"30":{"start":{"line":64,"column":22},"end":{"line":64,"column":34}},"31":{"start":{"line":65,"column":24},"end":{"line":65,"column":38}},"32":{"start":{"line":66,"column":30},"end":{"line":66,"column":48}},"33":{"start":{"line":67,"column":31},"end":{"line":67,"column":107}},"34":{"start":{"line":68,"column":8},"end":{"line":74,"column":10}},"35":{"start":{"line":70,"column":10},"end":{"line":70,"column":29}},"36":{"start":{"line":71,"column":10},"end":{"line":71,"column":107}},"37":{"start":{"line":73,"column":10},"end":{"line":73,"column":30}},"38":{"start":{"line":77,"column":4},"end":{"line":77,"column":27}},"39":{"start":{"line":82,"column":0},"end":{"line":82,"column":24}}},"fnMap":{"0":{"name":"(anonymous_0)","decl":{"start":{"line":10,"column":25},"end":{"line":10,"column":26}},"loc":{"start":{"line":10,"column":50},"end":{"line":28,"column":1}},"line":10},"1":{"name":"(anonymous_1)","decl":{"start":{"line":30,"column":31},"end":{"line":30,"column":32}},"loc":{"start":{"line":30,"column":45},"end":{"line":50,"column":1}},"line":30},"2":{"name":"(anonymous_2)","decl":{"start":{"line":56,"column":22},"end":{"line":56,"column":23}},"loc":{"start":{"line":56,"column":36},"end":{"line":79,"column":1}},"line":56},"3":{"name":"(anonymous_3)","decl":{"start":{"line":60,"column":12},"end":{"line":60,"column":13}},"loc":{"start":{"line":60,"column":24},"end":{"line":75,"column":5}},"line":60},"4":{"name":"(anonymous_4)","decl":{"start":{"line":69,"column":14},"end":{"line":69,"column":15}},"loc":{"start":{"line":69,"column":26},"end":{"line":72,"column":9}},"line":69},"5":{"name":"(anonymous_5)","decl":{"start":{"line":72,"column":17},"end":{"line":72,"column":18}},"loc":{"start":{"line":72,"column":26},"end":{"line":74,"column":9}},"line":72}},"branchMap":{"0":{"loc":{"start":{"line":31,"column":4},"end":{"line":47,"column":5}},"type":"if","locations":[{"start":{"line":31,"column":4},"end":{"line":47,"column":5}},{"start":{},"end":{}}],"line":31},"1":{"loc":{"start":{"line":57,"column":2},"end":{"line":78,"column":3}},"type":"if","locations":[{"start":{"line":57,"column":2},"end":{"line":78,"column":3}},{"start":{"line":76,"column":9},"end":{"line":78,"column":3}}],"line":57}},"s":{"0":1,"1":1,"2":1,"3":1,"4":1,"5":2,"6":2,"7":2,"8":2,"9":2,"10":2,"11":1,"12":1,"13":2,"14":1,"15":1,"16":1,"17":1,"18":1,"19":1,"20":1,"21":1,"22":1,"23":1,"24":3,"25":2,"26":2,"27":2,"28":2,"29":2,"30":2,"31":2,"32":2,"33":2,"34":2,"35":1,"36":1,"37":1,"38":1,"39":1},"f":{"0":2,"1":2,"2":3,"3":2,"4":1,"5":1},"b":{"0":[1,1],"1":[2,1]},"_coverageSchema":"1a1c01bbd47fc00a2c39e90264f33305004495a9","hash":"5f0d496e15af1e80ab44b6403206b90eefb9f1fd"}
,"/Users/devinkulatunga/Documents/GitHub/COSC4353_Group57_Project/backend/routes/profile.js": {"path":"/Users/devinkulatunga/Documents/GitHub/COSC4353_Group57_Project/backend/routes/profile.js","statementMap":{"0":{"start":{"line":1,"column":16},"end":{"line":1,"column":34}},"1":{"start":{"line":4,"column":13},"end":{"line":4,"column":29}},"2":{"start":{"line":6,"column":17},"end":{"line":6,"column":61}},"3":{"start":{"line":7,"column":24},"end":{"line":7,"column":66}},"4":{"start":{"line":11,"column":0},"end":{"line":13,"column":3}},"5":{"start":{"line":12,"column":4},"end":{"line":12,"column":60}},"6":{"start":{"line":15,"column":0},"end":{"line":55,"column":3}},"7":{"start":{"line":17,"column":4},"end":{"line":54,"column":5}},"8":{"start":{"line":18,"column":23},"end":{"line":18,"column":35}},"9":{"start":{"line":19,"column":21},"end":{"line":19,"column":29}},"10":{"start":{"line":20,"column":26},"end":{"line":20,"column":40}},"11":{"start":{"line":21,"column":25},"end":{"line":21,"column":38}},"12":{"start":{"line":22,"column":21},"end":{"line":22,"column":47}},"13":{"start":{"line":23,"column":25},"end":{"line":23,"column":38}},"14":{"start":{"line":24,"column":25},"end":{"line":24,"column":38}},"15":{"start":{"line":25,"column":21},"end":{"line":25,"column":30}},"16":{"start":{"line":26,"column":22},"end":{"line":26,"column":32}},"17":{"start":{"line":27,"column":24},"end":{"line":27,"column":36}},"18":{"start":{"line":30,"column":26},"end":{"line":38,"column":10}},"19":{"start":{"line":40,"column":8},"end":{"line":50,"column":65}},"20":{"start":{"line":42,"column":16},"end":{"line":42,"column":34}},"21":{"start":{"line":43,"column":16},"end":{"line":48,"column":69}},"22":{"start":{"line":45,"column":20},"end":{"line":46,"column":23}},"23":{"start":{"line":45,"column":49},"end":{"line":46,"column":21}},"24":{"start":{"line":45,"column":61},"end":{"line":45,"column":146}},"25":{"start":{"line":45,"column":147},"end":{"line":45,"column":160}},"26":{"start":{"line":48,"column":30},"end":{"line":48,"column":67}},"27":{"start":{"line":50,"column":26},"end":{"line":50,"column":63}},"28":{"start":{"line":53,"column":8},"end":{"line":53,"column":30}},"29":{"start":{"line":62,"column":0},"end":{"line":70,"column":3}},"30":{"start":{"line":63,"column":19},"end":{"line":63,"column":32}},"31":{"start":{"line":64,"column":4},"end":{"line":68,"column":6}},"32":{"start":{"line":66,"column":21},"end":{"line":66,"column":30}},"33":{"start":{"line":67,"column":8},"end":{"line":67,"column":88}},"34":{"start":{"line":72,"column":0},"end":{"line":88,"column":6}},"35":{"start":{"line":74,"column":19},"end":{"line":74,"column":32}},"36":{"start":{"line":76,"column":4},"end":{"line":86,"column":6}},"37":{"start":{"line":85,"column":8},"end":{"line":85,"column":47}},"38":{"start":{"line":95,"column":0},"end":{"line":128,"column":3}},"39":{"start":{"line":97,"column":4},"end":{"line":127,"column":5}},"40":{"start":{"line":99,"column":8},"end":{"line":122,"column":11}},"41":{"start":{"line":101,"column":12},"end":{"line":121,"column":13}},"42":{"start":{"line":102,"column":12},"end":{"line":102,"column":42}},"43":{"start":{"line":106,"column":29},"end":{"line":106,"column":38}},"44":{"start":{"line":107,"column":33},"end":{"line":107,"column":46}},"45":{"start":{"line":108,"column":33},"end":{"line":108,"column":46}},"46":{"start":{"line":109,"column":29},"end":{"line":109,"column":38}},"47":{"start":{"line":110,"column":30},"end":{"line":110,"column":40}},"48":{"start":{"line":111,"column":32},"end":{"line":111,"column":44}},"49":{"start":{"line":112,"column":38},"end":{"line":112,"column":56}},"50":{"start":{"line":114,"column":16},"end":{"line":119,"column":18}},"51":{"start":{"line":116,"column":33},"end":{"line":116,"column":53}},"52":{"start":{"line":117,"column":16},"end":{"line":117,"column":161}},"53":{"start":{"line":118,"column":16},"end":{"line":118,"column":22}},"54":{"start":{"line":126,"column":8},"end":{"line":126,"column":30}},"55":{"start":{"line":134,"column":0},"end":{"line":134,"column":24}}},"fnMap":{"0":{"name":"(anonymous_0)","decl":{"start":{"line":11,"column":30},"end":{"line":11,"column":31}},"loc":{"start":{"line":11,"column":44},"end":{"line":13,"column":1}},"line":11},"1":{"name":"(anonymous_1)","decl":{"start":{"line":15,"column":31},"end":{"line":15,"column":32}},"loc":{"start":{"line":15,"column":45},"end":{"line":55,"column":1}},"line":15},"2":{"name":"(anonymous_2)","decl":{"start":{"line":41,"column":18},"end":{"line":41,"column":19}},"loc":{"start":{"line":41,"column":28},"end":{"line":49,"column":13}},"line":41},"3":{"name":"(anonymous_3)","decl":{"start":{"line":44,"column":22},"end":{"line":44,"column":23}},"loc":{"start":{"line":44,"column":34},"end":{"line":47,"column":17}},"line":44},"4":{"name":"(anonymous_4)","decl":{"start":{"line":45,"column":38},"end":{"line":45,"column":39}},"loc":{"start":{"line":45,"column":47},"end":{"line":46,"column":22}},"line":45},"5":{"name":"(anonymous_5)","decl":{"start":{"line":48,"column":23},"end":{"line":48,"column":24}},"loc":{"start":{"line":48,"column":30},"end":{"line":48,"column":67}},"line":48},"6":{"name":"(anonymous_6)","decl":{"start":{"line":50,"column":19},"end":{"line":50,"column":20}},"loc":{"start":{"line":50,"column":26},"end":{"line":50,"column":63}},"line":50},"7":{"name":"(anonymous_7)","decl":{"start":{"line":62,"column":34},"end":{"line":62,"column":35}},"loc":{"start":{"line":62,"column":48},"end":{"line":70,"column":1}},"line":62},"8":{"name":"(anonymous_8)","decl":{"start":{"line":65,"column":10},"end":{"line":65,"column":11}},"loc":{"start":{"line":65,"column":20},"end":{"line":68,"column":5}},"line":65},"9":{"name":"(anonymous_9)","decl":{"start":{"line":72,"column":35},"end":{"line":72,"column":36}},"loc":{"start":{"line":72,"column":49},"end":{"line":88,"column":5}},"line":72},"10":{"name":"(anonymous_10)","decl":{"start":{"line":84,"column":10},"end":{"line":84,"column":11}},"loc":{"start":{"line":84,"column":16},"end":{"line":86,"column":5}},"line":84},"11":{"name":"(anonymous_11)","decl":{"start":{"line":95,"column":32},"end":{"line":95,"column":33}},"loc":{"start":{"line":95,"column":46},"end":{"line":128,"column":1}},"line":95},"12":{"name":"(anonymous_12)","decl":{"start":{"line":100,"column":14},"end":{"line":100,"column":15}},"loc":{"start":{"line":100,"column":24},"end":{"line":122,"column":9}},"line":100},"13":{"name":"(anonymous_13)","decl":{"start":{"line":115,"column":22},"end":{"line":115,"column":23}},"loc":{"start":{"line":115,"column":39},"end":{"line":119,"column":17}},"line":115}},"branchMap":{"0":{"loc":{"start":{"line":17,"column":4},"end":{"line":54,"column":5}},"type":"if","locations":[{"start":{"line":17,"column":4},"end":{"line":54,"column":5}},{"start":{"line":52,"column":11},"end":{"line":54,"column":5}}],"line":17},"1":{"loc":{"start":{"line":45,"column":49},"end":{"line":46,"column":21}},"type":"if","locations":[{"start":{"line":45,"column":49},"end":{"line":46,"column":21}},{"start":{},"end":{}}],"line":45},"2":{"loc":{"start":{"line":97,"column":4},"end":{"line":127,"column":5}},"type":"if","locations":[{"start":{"line":97,"column":4},"end":{"line":127,"column":5}},{"start":{"line":125,"column":10},"end":{"line":127,"column":5}}],"line":97},"3":{"loc":{"start":{"line":101,"column":12},"end":{"line":121,"column":13}},"type":"if","locations":[{"start":{"line":101,"column":12},"end":{"line":121,"column":13}},{"start":{"line":103,"column":19},"end":{"line":121,"column":13}}],"line":101}},"s":{"0":1,"1":1,"2":1,"3":1,"4":1,"5":1,"6":1,"7":4,"8":3,"9":3,"10":3,"11":3,"12":3,"13":3,"14":3,"15":3,"16":3,"17":3,"18":3,"19":3,"20":2,"21":2,"22":1,"23":0,"24":0,"25":0,"26":1,"27":1,"28":1,"29":1,"30":1,"31":1,"32":1,"33":1,"34":1,"35":1,"36":1,"37":1,"38":1,"39":3,"40":2,"41":2,"42":1,"43":1,"44":1,"45":1,"46":1,"47":1,"48":1,"49":1,"50":1,"51":1,"52":1,"53":1,"54":1,"55":1},"f":{"0":1,"1":4,"2":2,"3":1,"4":0,"5":1,"6":1,"7":1,"8":1,"9":1,"10":1,"11":3,"12":2,"13":1},"b":{"0":[3,1],"1":[0,0],"2":[2,1],"3":[1,1]},"_coverageSchema":"1a1c01bbd47fc00a2c39e90264f33305004495a9","hash":"3eb9bf5cd733ee62c67f46b9875b54ed29c339ea"}
,"/Users/devinkulatunga/Documents/GitHub/COSC4353_Group57_Project/backend/routes/userActions.js": {"path":"/Users/devinkulatunga/Documents/GitHub/COSC4353_Group57_Project/backend/routes/userActions.js","statementMap":{"0":{"start":{"line":1,"column":16},"end":{"line":1,"column":34}},"1":{"start":{"line":2,"column":19},"end":{"line":2,"column":41}},"2":{"start":{"line":4,"column":17},"end":{"line":4,"column":61}},"3":{"start":{"line":5,"column":16},"end":{"line":5,"column":52}},"4":{"start":{"line":7,"column":12},"end":{"line":7,"column":21}},"5":{"start":{"line":8,"column":13},"end":{"line":8,"column":37}},"6":{"start":{"line":9,"column":0},"end":{"line":9,"column":16}},"7":{"start":{"line":10,"column":0},"end":{"line":10,"column":52}},"8":{"start":{"line":11,"column":0},"end":{"line":11,"column":26}},"9":{"start":{"line":12,"column":17},"end":{"line":12,"column":36}},"10":{"start":{"line":14,"column":0},"end":{"line":14,"column":34}},"11":{"start":{"line":17,"column":0},"end":{"line":17,"column":84}},"12":{"start":{"line":18,"column":19},"end":{"line":18,"column":38}},"13":{"start":{"line":20,"column":0},"end":{"line":20,"column":29}},"14":{"start":{"line":21,"column":0},"end":{"line":21,"column":49}},"15":{"start":{"line":22,"column":0},"end":{"line":22,"column":34}},"16":{"start":{"line":25,"column":0},"end":{"line":46,"column":2}},"17":{"start":{"line":26,"column":17},"end":{"line":26,"column":25}},"18":{"start":{"line":27,"column":22},"end":{"line":27,"column":36}},"19":{"start":{"line":28,"column":21},"end":{"line":28,"column":34}},"20":{"start":{"line":29,"column":17},"end":{"line":29,"column":43}},"21":{"start":{"line":30,"column":21},"end":{"line":30,"column":34}},"22":{"start":{"line":31,"column":21},"end":{"line":31,"column":34}},"23":{"start":{"line":32,"column":17},"end":{"line":32,"column":26}},"24":{"start":{"line":33,"column":18},"end":{"line":33,"column":28}},"25":{"start":{"line":34,"column":20},"end":{"line":34,"column":32}},"26":{"start":{"line":35,"column":22},"end":{"line":42,"column":6}},"27":{"start":{"line":45,"column":4},"end":{"line":45,"column":109}},"28":{"start":{"line":45,"column":32},"end":{"line":45,"column":51}},"29":{"start":{"line":45,"column":66},"end":{"line":45,"column":107}},"30":{"start":{"line":48,"column":0},"end":{"line":66,"column":3}},"31":{"start":{"line":49,"column":15},"end":{"line":49,"column":23}},"32":{"start":{"line":50,"column":13},"end":{"line":50,"column":20}},"33":{"start":{"line":51,"column":4},"end":{"line":65,"column":7}},"34":{"start":{"line":52,"column":4},"end":{"line":56,"column":5}},"35":{"start":{"line":53,"column":8},"end":{"line":53,"column":38}},"36":{"start":{"line":54,"column":8},"end":{"line":54,"column":28}},"37":{"start":{"line":55,"column":8},"end":{"line":55,"column":15}},"38":{"start":{"line":57,"column":4},"end":{"line":57,"column":23}},"39":{"start":{"line":58,"column":4},"end":{"line":58,"column":27}},"40":{"start":{"line":59,"column":4},"end":{"line":59,"column":35}},"41":{"start":{"line":60,"column":4},"end":{"line":60,"column":35}},"42":{"start":{"line":61,"column":4},"end":{"line":61,"column":27}},"43":{"start":{"line":62,"column":4},"end":{"line":62,"column":29}},"44":{"start":{"line":63,"column":4},"end":{"line":63,"column":33}},"45":{"start":{"line":64,"column":4},"end":{"line":64,"column":49}},"46":{"start":{"line":64,"column":29},"end":{"line":64,"column":48}},"47":{"start":{"line":68,"column":0},"end":{"line":81,"column":3}},"48":{"start":{"line":69,"column":19},"end":{"line":69,"column":30}},"49":{"start":{"line":70,"column":4},"end":{"line":80,"column":9}},"50":{"start":{"line":72,"column":8},"end":{"line":79,"column":9}},"51":{"start":{"line":73,"column":8},"end":{"line":73,"column":38}},"52":{"start":{"line":74,"column":8},"end":{"line":74,"column":27}},"53":{"start":{"line":75,"column":8},"end":{"line":75,"column":14}},"54":{"start":{"line":77,"column":12},"end":{"line":77,"column":26}},"55":{"start":{"line":78,"column":12},"end":{"line":78,"column":18}},"56":{"start":{"line":83,"column":0},"end":{"line":97,"column":3}},"57":{"start":{"line":84,"column":15},"end":{"line":84,"column":23}},"58":{"start":{"line":85,"column":19},"end":{"line":85,"column":32}},"59":{"start":{"line":86,"column":27},"end":{"line":86,"column":48}},"60":{"start":{"line":87,"column":25},"end":{"line":87,"column":44}},"61":{"start":{"line":88,"column":22},"end":{"line":92,"column":6}},"62":{"start":{"line":94,"column":4},"end":{"line":94,"column":109}},"63":{"start":{"line":94,"column":32},"end":{"line":94,"column":51}},"64":{"start":{"line":94,"column":66},"end":{"line":94,"column":107}},"65":{"start":{"line":99,"column":0},"end":{"line":108,"column":3}},"66":{"start":{"line":100,"column":4},"end":{"line":107,"column":9}},"67":{"start":{"line":101,"column":8},"end":{"line":101,"column":27}},"68":{"start":{"line":102,"column":8},"end":{"line":106,"column":9}},"69":{"start":{"line":103,"column":12},"end":{"line":103,"column":29}},"70":{"start":{"line":105,"column":10},"end":{"line":105,"column":30}},"71":{"start":{"line":110,"column":0},"end":{"line":110,"column":20}}},"fnMap":{"0":{"name":"(anonymous_0)","decl":{"start":{"line":25,"column":27},"end":{"line":25,"column":28}},"loc":{"start":{"line":25,"column":41},"end":{"line":46,"column":1}},"line":25},"1":{"name":"(anonymous_1)","decl":{"start":{"line":45,"column":26},"end":{"line":45,"column":27}},"loc":{"start":{"line":45,"column":32},"end":{"line":45,"column":51}},"line":45},"2":{"name":"(anonymous_2)","decl":{"start":{"line":45,"column":59},"end":{"line":45,"column":60}},"loc":{"start":{"line":45,"column":66},"end":{"line":45,"column":107}},"line":45},"3":{"name":"(anonymous_3)","decl":{"start":{"line":48,"column":28},"end":{"line":48,"column":29}},"loc":{"start":{"line":48,"column":42},"end":{"line":66,"column":1}},"line":48},"4":{"name":"(anonymous_4)","decl":{"start":{"line":51,"column":39},"end":{"line":51,"column":40}},"loc":{"start":{"line":51,"column":51},"end":{"line":65,"column":5}},"line":51},"5":{"name":"(anonymous_5)","decl":{"start":{"line":64,"column":23},"end":{"line":64,"column":24}},"loc":{"start":{"line":64,"column":29},"end":{"line":64,"column":48}},"line":64},"6":{"name":"(anonymous_6)","decl":{"start":{"line":68,"column":25},"end":{"line":68,"column":26}},"loc":{"start":{"line":68,"column":39},"end":{"line":81,"column":1}},"line":68},"7":{"name":"(anonymous_7)","decl":{"start":{"line":71,"column":10},"end":{"line":71,"column":11}},"loc":{"start":{"line":71,"column":20},"end":{"line":80,"column":7}},"line":71},"8":{"name":"(anonymous_8)","decl":{"start":{"line":83,"column":28},"end":{"line":83,"column":29}},"loc":{"start":{"line":83,"column":42},"end":{"line":97,"column":1}},"line":83},"9":{"name":"(anonymous_9)","decl":{"start":{"line":94,"column":26},"end":{"line":94,"column":27}},"loc":{"start":{"line":94,"column":32},"end":{"line":94,"column":51}},"line":94},"10":{"name":"(anonymous_10)","decl":{"start":{"line":94,"column":59},"end":{"line":94,"column":60}},"loc":{"start":{"line":94,"column":66},"end":{"line":94,"column":107}},"line":94},"11":{"name":"(anonymous_11)","decl":{"start":{"line":99,"column":32},"end":{"line":99,"column":33}},"loc":{"start":{"line":99,"column":46},"end":{"line":108,"column":1}},"line":99},"12":{"name":"(anonymous_12)","decl":{"start":{"line":100,"column":55},"end":{"line":100,"column":56}},"loc":{"start":{"line":100,"column":67},"end":{"line":107,"column":7}},"line":100}},"branchMap":{"0":{"loc":{"start":{"line":8,"column":13},"end":{"line":8,"column":37}},"type":"binary-expr","locations":[{"start":{"line":8,"column":13},"end":{"line":8,"column":29}},{"start":{"line":8,"column":33},"end":{"line":8,"column":37}}],"line":8},"1":{"loc":{"start":{"line":52,"column":4},"end":{"line":56,"column":5}},"type":"if","locations":[{"start":{"line":52,"column":4},"end":{"line":56,"column":5}},{"start":{},"end":{}}],"line":52},"2":{"loc":{"start":{"line":72,"column":8},"end":{"line":79,"column":9}},"type":"if","locations":[{"start":{"line":72,"column":8},"end":{"line":79,"column":9}},{"start":{"line":76,"column":15},"end":{"line":79,"column":9}}],"line":72},"3":{"loc":{"start":{"line":102,"column":8},"end":{"line":106,"column":9}},"type":"if","locations":[{"start":{"line":102,"column":8},"end":{"line":106,"column":9}},{"start":{"line":104,"column":15},"end":{"line":106,"column":9}}],"line":102}},"s":{"0":1,"1":1,"2":1,"3":1,"4":1,"5":1,"6":1,"7":1,"8":1,"9":1,"10":1,"11":1,"12":1,"13":1,"14":1,"15":1,"16":1,"17":1,"18":1,"19":1,"20":1,"21":1,"22":1,"23":1,"24":1,"25":1,"26":1,"27":1,"28":1,"29":0,"30":1,"31":2,"32":2,"33":2,"34":2,"35":1,"36":1,"37":1,"38":1,"39":1,"40":1,"41":1,"42":1,"43":1,"44":1,"45":1,"46":1,"47":1,"48":2,"49":2,"50":2,"51":1,"52":1,"53":1,"54":1,"55":1,"56":1,"57":1,"58":1,"59":1,"60":1,"61":1,"62":1,"63":1,"64":0,"65":1,"66":2,"67":2,"68":2,"69":1,"70":1,"71":1},"f":{"0":1,"1":1,"2":0,"3":2,"4":2,"5":1,"6":2,"7":2,"8":1,"9":1,"10":0,"11":2,"12":2},"b":{"0":[1,1],"1":[1,1],"2":[1,1],"3":[1,1]},"_coverageSchema":"1a1c01bbd47fc00a2c39e90264f33305004495a9","hash":"d990cf234929f360ae668d6186bcd2dee5ec4c69"}
}
