{"C:\\Users\\tamho\\OneDrive\\Desktop\\coding\\COSC4353_Group57_Project\\backend\\models\\clientInformation.model.js": {"path":"C:\\Users\\tamho\\OneDrive\\Desktop\\coding\\COSC4353_Group57_Project\\backend\\models\\clientInformation.model.js","statementMap":{"0":{"start":{"line":1,"column":17},"end":{"line":1,"column":36}},"1":{"start":{"line":3,"column":15},"end":{"line":3,"column":30}},"2":{"start":{"line":5,"column":19},"end":{"line":51,"column":2}},"3":{"start":{"line":53,"column":26},"end":{"line":53,"column":67}},"4":{"start":{"line":55,"column":0},"end":{"line":55,"column":36}}},"fnMap":{},"branchMap":{},"s":{"0":1,"1":1,"2":1,"3":1,"4":1},"f":{},"b":{},"_coverageSchema":"1a1c01bbd47fc00a2c39e90264f33305004495a9","hash":"bf267bc69513569a3720d80fced717762c57b0a6"}
,"C:\\Users\\tamho\\OneDrive\\Desktop\\coding\\COSC4353_Group57_Project\\backend\\models\\fuelQuote.model.js": {"path":"C:\\Users\\tamho\\OneDrive\\Desktop\\coding\\COSC4353_Group57_Project\\backend\\models\\fuelQuote.model.js","statementMap":{"0":{"start":{"line":1,"column":17},"end":{"line":1,"column":36}},"1":{"start":{"line":3,"column":15},"end":{"line":3,"column":30}},"2":{"start":{"line":6,"column":18},"end":{"line":43,"column":2}},"3":{"start":{"line":45,"column":21},"end":{"line":45,"column":61}},"4":{"start":{"line":47,"column":0},"end":{"line":47,"column":31}}},"fnMap":{},"branchMap":{},"s":{"0":1,"1":1,"2":1,"3":1,"4":1},"f":{},"b":{},"_coverageSchema":"1a1c01bbd47fc00a2c39e90264f33305004495a9","hash":"721fcf0defa962451133eb0aae547e842c40ca55"}
,"C:\\Users\\tamho\\OneDrive\\Desktop\\coding\\COSC4353_Group57_Project\\backend\\routes\\fortest.js": {"path":"C:\\Users\\tamho\\OneDrive\\Desktop\\coding\\COSC4353_Group57_Project\\backend\\routes\\fortest.js","statementMap":{"0":{"start":{"line":1,"column":16},"end":{"line":1,"column":34}},"1":{"start":{"line":2,"column":19},"end":{"line":2,"column":41}},"2":{"start":{"line":4,"column":17},"end":{"line":4,"column":61}},"3":{"start":{"line":5,"column":16},"end":{"line":5,"column":52}},"4":{"start":{"line":7,"column":12},"end":{"line":7,"column":21}},"5":{"start":{"line":8,"column":13},"end":{"line":8,"column":37}},"6":{"start":{"line":9,"column":0},"end":{"line":9,"column":16}},"7":{"start":{"line":10,"column":0},"end":{"line":10,"column":52}},"8":{"start":{"line":11,"column":0},"end":{"line":11,"column":26}},"9":{"start":{"line":12,"column":17},"end":{"line":12,"column":36}},"10":{"start":{"line":14,"column":0},"end":{"line":14,"column":34}},"11":{"start":{"line":17,"column":0},"end":{"line":17,"column":84}},"12":{"start":{"line":18,"column":19},"end":{"line":18,"column":38}},"13":{"start":{"line":20,"column":0},"end":{"line":20,"column":29}},"14":{"start":{"line":21,"column":0},"end":{"line":21,"column":49}},"15":{"start":{"line":22,"column":0},"end":{"line":22,"column":34}},"16":{"start":{"line":25,"column":0},"end":{"line":46,"column":2}},"17":{"start":{"line":26,"column":17},"end":{"line":26,"column":25}},"18":{"start":{"line":27,"column":22},"end":{"line":27,"column":36}},"19":{"start":{"line":28,"column":21},"end":{"line":28,"column":34}},"20":{"start":{"line":29,"column":17},"end":{"line":29,"column":43}},"21":{"start":{"line":30,"column":21},"end":{"line":30,"column":34}},"22":{"start":{"line":31,"column":21},"end":{"line":31,"column":34}},"23":{"start":{"line":32,"column":17},"end":{"line":32,"column":26}},"24":{"start":{"line":33,"column":18},"end":{"line":33,"column":28}},"25":{"start":{"line":34,"column":20},"end":{"line":34,"column":32}},"26":{"start":{"line":35,"column":22},"end":{"line":42,"column":6}},"27":{"start":{"line":45,"column":4},"end":{"line":45,"column":109}},"28":{"start":{"line":45,"column":32},"end":{"line":45,"column":51}},"29":{"start":{"line":45,"column":66},"end":{"line":45,"column":107}},"30":{"start":{"line":48,"column":0},"end":{"line":66,"column":3}},"31":{"start":{"line":49,"column":15},"end":{"line":49,"column":23}},"32":{"start":{"line":50,"column":13},"end":{"line":50,"column":20}},"33":{"start":{"line":51,"column":4},"end":{"line":65,"column":7}},"34":{"start":{"line":52,"column":4},"end":{"line":56,"column":5}},"35":{"start":{"line":53,"column":8},"end":{"line":53,"column":38}},"36":{"start":{"line":54,"column":8},"end":{"line":54,"column":28}},"37":{"start":{"line":55,"column":8},"end":{"line":55,"column":15}},"38":{"start":{"line":57,"column":4},"end":{"line":57,"column":23}},"39":{"start":{"line":58,"column":4},"end":{"line":58,"column":27}},"40":{"start":{"line":59,"column":4},"end":{"line":59,"column":35}},"41":{"start":{"line":60,"column":4},"end":{"line":60,"column":35}},"42":{"start":{"line":61,"column":4},"end":{"line":61,"column":27}},"43":{"start":{"line":62,"column":4},"end":{"line":62,"column":29}},"44":{"start":{"line":63,"column":4},"end":{"line":63,"column":33}},"45":{"start":{"line":64,"column":4},"end":{"line":64,"column":49}},"46":{"start":{"line":64,"column":29},"end":{"line":64,"column":48}},"47":{"start":{"line":68,"column":0},"end":{"line":79,"column":3}},"48":{"start":{"line":69,"column":19},"end":{"line":69,"column":30}},"49":{"start":{"line":70,"column":4},"end":{"line":78,"column":9}},"50":{"start":{"line":72,"column":8},"end":{"line":77,"column":9}},"51":{"start":{"line":73,"column":8},"end":{"line":73,"column":38}},"52":{"start":{"line":75,"column":12},"end":{"line":75,"column":26}},"53":{"start":{"line":76,"column":12},"end":{"line":76,"column":18}},"54":{"start":{"line":81,"column":0},"end":{"line":95,"column":3}},"55":{"start":{"line":82,"column":15},"end":{"line":82,"column":23}},"56":{"start":{"line":83,"column":19},"end":{"line":83,"column":32}},"57":{"start":{"line":84,"column":27},"end":{"line":84,"column":48}},"58":{"start":{"line":85,"column":25},"end":{"line":85,"column":44}},"59":{"start":{"line":86,"column":22},"end":{"line":90,"column":6}},"60":{"start":{"line":92,"column":4},"end":{"line":92,"column":109}},"61":{"start":{"line":92,"column":32},"end":{"line":92,"column":51}},"62":{"start":{"line":92,"column":66},"end":{"line":92,"column":107}},"63":{"start":{"line":97,"column":0},"end":{"line":106,"column":3}},"64":{"start":{"line":98,"column":4},"end":{"line":105,"column":9}},"65":{"start":{"line":99,"column":8},"end":{"line":99,"column":24}},"66":{"start":{"line":100,"column":8},"end":{"line":104,"column":9}},"67":{"start":{"line":101,"column":10},"end":{"line":101,"column":27}},"68":{"start":{"line":103,"column":10},"end":{"line":103,"column":27}},"69":{"start":{"line":108,"column":0},"end":{"line":108,"column":20}}},"fnMap":{"0":{"name":"(anonymous_0)","decl":{"start":{"line":25,"column":27},"end":{"line":25,"column":28}},"loc":{"start":{"line":25,"column":41},"end":{"line":46,"column":1}},"line":25},"1":{"name":"(anonymous_1)","decl":{"start":{"line":45,"column":26},"end":{"line":45,"column":27}},"loc":{"start":{"line":45,"column":32},"end":{"line":45,"column":51}},"line":45},"2":{"name":"(anonymous_2)","decl":{"start":{"line":45,"column":59},"end":{"line":45,"column":60}},"loc":{"start":{"line":45,"column":66},"end":{"line":45,"column":107}},"line":45},"3":{"name":"(anonymous_3)","decl":{"start":{"line":48,"column":28},"end":{"line":48,"column":29}},"loc":{"start":{"line":48,"column":42},"end":{"line":66,"column":1}},"line":48},"4":{"name":"(anonymous_4)","decl":{"start":{"line":51,"column":39},"end":{"line":51,"column":40}},"loc":{"start":{"line":51,"column":51},"end":{"line":65,"column":5}},"line":51},"5":{"name":"(anonymous_5)","decl":{"start":{"line":64,"column":23},"end":{"line":64,"column":24}},"loc":{"start":{"line":64,"column":29},"end":{"line":64,"column":48}},"line":64},"6":{"name":"(anonymous_6)","decl":{"start":{"line":68,"column":25},"end":{"line":68,"column":26}},"loc":{"start":{"line":68,"column":39},"end":{"line":79,"column":1}},"line":68},"7":{"name":"(anonymous_7)","decl":{"start":{"line":71,"column":10},"end":{"line":71,"column":11}},"loc":{"start":{"line":71,"column":20},"end":{"line":78,"column":7}},"line":71},"8":{"name":"(anonymous_8)","decl":{"start":{"line":81,"column":28},"end":{"line":81,"column":29}},"loc":{"start":{"line":81,"column":42},"end":{"line":95,"column":1}},"line":81},"9":{"name":"(anonymous_9)","decl":{"start":{"line":92,"column":26},"end":{"line":92,"column":27}},"loc":{"start":{"line":92,"column":32},"end":{"line":92,"column":51}},"line":92},"10":{"name":"(anonymous_10)","decl":{"start":{"line":92,"column":59},"end":{"line":92,"column":60}},"loc":{"start":{"line":92,"column":66},"end":{"line":92,"column":107}},"line":92},"11":{"name":"(anonymous_11)","decl":{"start":{"line":97,"column":32},"end":{"line":97,"column":33}},"loc":{"start":{"line":97,"column":46},"end":{"line":106,"column":1}},"line":97},"12":{"name":"(anonymous_12)","decl":{"start":{"line":98,"column":55},"end":{"line":98,"column":56}},"loc":{"start":{"line":98,"column":72},"end":{"line":105,"column":7}},"line":98}},"branchMap":{"0":{"loc":{"start":{"line":8,"column":13},"end":{"line":8,"column":37}},"type":"binary-expr","locations":[{"start":{"line":8,"column":13},"end":{"line":8,"column":29}},{"start":{"line":8,"column":33},"end":{"line":8,"column":37}}],"line":8},"1":{"loc":{"start":{"line":52,"column":4},"end":{"line":56,"column":5}},"type":"if","locations":[{"start":{"line":52,"column":4},"end":{"line":56,"column":5}},{"start":{},"end":{}}],"line":52},"2":{"loc":{"start":{"line":72,"column":8},"end":{"line":77,"column":9}},"type":"if","locations":[{"start":{"line":72,"column":8},"end":{"line":77,"column":9}},{"start":{"line":74,"column":15},"end":{"line":77,"column":9}}],"line":72},"3":{"loc":{"start":{"line":100,"column":8},"end":{"line":104,"column":9}},"type":"if","locations":[{"start":{"line":100,"column":8},"end":{"line":104,"column":9}},{"start":{"line":102,"column":15},"end":{"line":104,"column":9}}],"line":100}},"s":{"0":1,"1":1,"2":1,"3":1,"4":1,"5":1,"6":1,"7":1,"8":1,"9":1,"10":1,"11":1,"12":1,"13":1,"14":1,"15":1,"16":1,"17":1,"18":1,"19":1,"20":1,"21":1,"22":1,"23":1,"24":1,"25":1,"26":1,"27":1,"28":1,"29":0,"30":1,"31":1,"32":1,"33":1,"34":1,"35":0,"36":0,"37":0,"38":1,"39":1,"40":1,"41":1,"42":1,"43":1,"44":1,"45":1,"46":1,"47":1,"48":1,"49":1,"50":1,"51":0,"52":1,"53":1,"54":1,"55":1,"56":1,"57":1,"58":1,"59":1,"60":1,"61":1,"62":0,"63":1,"64":1,"65":1,"66":1,"67":0,"68":1,"69":1},"f":{"0":1,"1":1,"2":0,"3":1,"4":1,"5":1,"6":1,"7":1,"8":1,"9":1,"10":0,"11":1,"12":1},"b":{"0":[1,1],"1":[0,1],"2":[0,1],"3":[0,1]},"_coverageSchema":"1a1c01bbd47fc00a2c39e90264f33305004495a9","hash":"8bdc1959c24a1e1375d5ad0a8f36e2a7879395ac"}
}
