TN:
SF:backend/models/clientInformation.model.js
FNF:0
FNH:0
DA:1,3
DA:3,3
DA:5,3
DA:53,3
DA:55,3
LF:5
LH:5
BRF:0
BRH:0
end_of_record
TN:
SF:backend/models/fuelQuote.model.js
FNF:0
FNH:0
DA:1,3
DA:3,3
DA:6,3
DA:45,3
DA:47,3
LF:5
LH:5
BRF:0
BRH:0
end_of_record
TN:
SF:backend/models/userCredentials.model.js
FNF:0
FNH:0
DA:1,1
DA:3,1
DA:5,1
DA:7,1
DA:24,1
DA:25,1
DA:27,1
LF:7
LH:7
BRF:0
BRH:0
end_of_record
TN:
SF:backend/routes/fuelQuote.js
FN:10,(anonymous_0)
FN:30,(anonymous_1)
FN:56,(anonymous_2)
FN:60,(anonymous_3)
FN:69,(anonymous_4)
FN:72,(anonymous_5)
FNF:6
FNH:6
FNDA:2,(anonymous_0)
FNDA:2,(anonymous_1)
FNDA:3,(anonymous_2)
FNDA:2,(anonymous_3)
FNDA:1,(anonymous_4)
FNDA:1,(anonymous_5)
DA:1,1
DA:3,1
DA:5,1
DA:6,1
DA:10,1
DA:11,2
DA:12,2
DA:13,2
DA:14,2
DA:15,2
DA:17,2
DA:26,1
DA:30,1
DA:31,2
DA:32,1
DA:33,1
DA:34,1
DA:35,1
DA:36,1
DA:37,1
DA:38,1
DA:45,1
DA:46,1
DA:56,1
DA:57,3
DA:58,2
DA:59,2
DA:61,2
DA:62,2
DA:63,2
DA:64,2
DA:65,2
DA:66,2
DA:67,2
DA:68,2
DA:70,1
DA:71,1
DA:73,1
DA:77,1
DA:82,1
LF:40
LH:40
BRDA:31,0,0,1
BRDA:31,0,1,1
BRDA:57,1,0,2
BRDA:57,1,1,1
BRF:4
BRH:4
end_of_record
TN:
SF:backend/routes/profile.js
FN:11,(anonymous_0)
FN:15,(anonymous_1)
FN:41,(anonymous_2)
FN:44,(anonymous_3)
FN:45,(anonymous_4)
FN:48,(anonymous_5)
FN:50,(anonymous_6)
FN:62,(anonymous_7)
FN:65,(anonymous_8)
FN:72,(anonymous_9)
FN:84,(anonymous_10)
FN:95,(anonymous_11)
FN:100,(anonymous_12)
FN:115,(anonymous_13)
FNF:14
FNH:13
FNDA:1,(anonymous_0)
FNDA:4,(anonymous_1)
FNDA:2,(anonymous_2)
FNDA:1,(anonymous_3)
FNDA:0,(anonymous_4)
FNDA:1,(anonymous_5)
FNDA:1,(anonymous_6)
FNDA:1,(anonymous_7)
FNDA:1,(anonymous_8)
FNDA:1,(anonymous_9)
FNDA:1,(anonymous_10)
FNDA:3,(anonymous_11)
FNDA:2,(anonymous_12)
FNDA:1,(anonymous_13)
DA:1,1
DA:4,1
DA:6,1
DA:7,1
DA:11,1
DA:12,1
DA:15,1
DA:17,4
DA:18,3
DA:19,3
DA:20,3
DA:21,3
DA:22,3
DA:23,3
DA:24,3
DA:25,3
DA:26,3
DA:27,3
DA:30,3
DA:40,3
DA:42,2
DA:43,2
DA:45,1
DA:48,1
DA:50,1
DA:53,1
DA:62,1
DA:63,1
DA:64,1
DA:66,1
DA:67,1
DA:72,1
DA:74,1
DA:76,1
DA:85,1
DA:95,1
DA:97,3
DA:99,2
DA:101,2
DA:102,1
DA:106,1
DA:107,1
DA:108,1
DA:109,1
DA:110,1
DA:111,1
DA:112,1
DA:114,1
DA:116,1
DA:117,1
DA:118,1
DA:126,1
DA:134,1
LF:53
LH:53
BRDA:17,0,0,3
BRDA:17,0,1,1
BRDA:45,1,0,0
BRDA:45,1,1,0
BRDA:97,2,0,2
BRDA:97,2,1,1
BRDA:101,3,0,1
BRDA:101,3,1,1
BRF:8
BRH:6
end_of_record
TN:
SF:backend/routes/userActions.js
FN:25,(anonymous_0)
FN:45,(anonymous_1)
FN:45,(anonymous_2)
FN:48,(anonymous_3)
FN:51,(anonymous_4)
FN:64,(anonymous_5)
FN:68,(anonymous_6)
FN:71,(anonymous_7)
FN:83,(anonymous_8)
FN:94,(anonymous_9)
FN:94,(anonymous_10)
FN:99,(anonymous_11)
FN:100,(anonymous_12)
FNF:13
FNH:11
FNDA:1,(anonymous_0)
FNDA:1,(anonymous_1)
FNDA:0,(anonymous_2)
FNDA:2,(anonymous_3)
FNDA:2,(anonymous_4)
FNDA:1,(anonymous_5)
FNDA:2,(anonymous_6)
FNDA:2,(anonymous_7)
FNDA:1,(anonymous_8)
FNDA:1,(anonymous_9)
FNDA:0,(anonymous_10)
FNDA:2,(anonymous_11)
FNDA:2,(anonymous_12)
DA:1,1
DA:2,1
DA:4,1
DA:5,1
DA:7,1
DA:8,1
DA:9,1
DA:10,1
DA:11,1
DA:12,1
DA:14,1
DA:17,1
DA:18,1
DA:20,1
DA:21,1
DA:22,1
DA:25,1
DA:26,1
DA:27,1
DA:28,1
DA:29,1
DA:30,1
DA:31,1
DA:32,1
DA:33,1
DA:34,1
DA:35,1
DA:45,1
DA:48,1
DA:49,2
DA:50,2
DA:51,2
DA:52,2
DA:53,1
DA:54,1
DA:55,1
DA:57,1
DA:58,1
DA:59,1
DA:60,1
DA:61,1
DA:62,1
DA:63,1
DA:64,1
DA:68,1
DA:69,2
DA:70,2
DA:72,2
DA:73,1
DA:74,1
DA:75,1
DA:77,1
DA:78,1
DA:83,1
DA:84,1
DA:85,1
DA:86,1
DA:87,1
DA:88,1
DA:94,1
DA:99,1
DA:100,2
DA:101,2
DA:102,2
DA:103,1
DA:105,1
DA:110,1
LF:67
LH:67
BRDA:8,0,0,1
BRDA:8,0,1,1
BRDA:52,1,0,1
BRDA:52,1,1,1
BRDA:72,2,0,1
BRDA:72,2,1,1
BRDA:102,3,0,1
BRDA:102,3,1,1
BRF:8
BRH:8
end_of_record
