TN:
SF:backend/models/clientInformation.model.js
FNF:0
FNH:0
DA:1,1
DA:3,1
DA:5,1
DA:49,1
DA:51,1
LF:5
LH:5
BRF:0
BRH:0
end_of_record
TN:
SF:backend/models/fuelQuote.model.js
FNF:0
FNH:0
DA:1,1
DA:3,1
DA:6,1
DA:26,1
DA:28,1
LF:5
LH:5
BRF:0
BRH:0
end_of_record
TN:
SF:backend/routes/profile.js
FN:25,(anonymous_0)
FN:45,(anonymous_1)
FN:45,(anonymous_2)
FN:48,(anonymous_3)
FN:51,(anonymous_4)
FN:64,(anonymous_5)
FN:68,(anonymous_6)
FN:71,(anonymous_7)
FN:81,(anonymous_8)
FN:92,(anonymous_9)
FN:92,(anonymous_10)
FN:97,(anonymous_11)
FN:98,(anonymous_12)
FNF:13
FNH:11
FNDA:1,(anonymous_0)
FNDA:1,(anonymous_1)
FNDA:0,(anonymous_2)
FNDA:1,(anonymous_3)
FNDA:1,(anonymous_4)
FNDA:1,(anonymous_5)
FNDA:1,(anonymous_6)
FNDA:1,(anonymous_7)
FNDA:1,(anonymous_8)
FNDA:1,(anonymous_9)
FNDA:0,(anonymous_10)
FNDA:1,(anonymous_11)
FNDA:1,(anonymous_12)
DA:1,1
DA:2,1
DA:4,1
DA:5,1
DA:7,1
DA:8,1
DA:9,1
DA:10,1
DA:11,1
DA:12,1
DA:14,1
DA:17,1
DA:18,1
DA:20,1
DA:21,1
DA:22,1
DA:25,1
DA:26,1
DA:27,1
DA:28,1
DA:29,1
DA:30,1
DA:31,1
DA:32,1
DA:33,1
DA:34,1
DA:35,1
DA:45,1
DA:48,1
DA:49,1
DA:50,1
DA:51,1
DA:52,1
DA:53,0
DA:54,0
DA:55,0
DA:57,1
DA:58,1
DA:59,1
DA:60,1
DA:61,1
DA:62,1
DA:63,1
DA:64,1
DA:68,1
DA:69,1
DA:70,1
DA:72,1
DA:73,0
DA:75,1
DA:76,1
DA:81,1
DA:82,1
DA:83,1
DA:84,1
DA:85,1
DA:86,1
DA:92,1
DA:97,1
DA:98,1
DA:99,1
DA:100,1
DA:101,0
DA:103,1
DA:109,1
LF:65
LH:60
BRDA:8,0,0,1
BRDA:8,0,1,1
BRDA:52,1,0,0
BRDA:52,1,1,1
BRDA:72,2,0,0
BRDA:72,2,1,1
BRDA:100,3,0,0
BRDA:100,3,1,1
BRF:8
BRH:5
end_of_record
